<?xml version="1.0" encoding="UTF-8"?>
<!-- Generated by org.testng.reporters.JUnitReportReporter -->
<testsuite hostname="TYSS-Adarsh" failures="0" tests="1" name="RequestChaining.Chaining" time="3.036" errors="0" timestamp="2022-01-13T12:20:22 IST" skipped="0">
  <testcase classname="RequestChaining.Chaining" name="chain" time="3.036"/>
  <system-out/>
</testsuite> <!-- RequestChaining.Chaining -->
