<?xml version="1.0" encoding="UTF-8"?>
<!-- Generated by org.testng.reporters.JUnitReportReporter -->
<testsuite hostname="TYSS-Adarsh" failures="0" tests="1" name="TestScript.CreateAResource" time="2.229" errors="0" timestamp="2022-01-13T15:46:29 IST" skipped="0">
  <testcase classname="TestScript.CreateAResource" name="create" time="2.229"/>
  <system-out/>
</testsuite> <!-- TestScript.CreateAResource -->
