<?xml version="1.0" encoding="UTF-8"?>
<!-- Generated by org.testng.reporters.JUnitReportReporter -->
<testsuite hostname="TYSS-Adarsh" failures="0" tests="1" name="com.crudOperationsWithoutBDD.createbdd" time="1.474" errors="0" timestamp="2021-11-10T21:35:20 IST" skipped="0">
  <testcase classname="com.crudOperationsWithoutBDD.createbdd" name="d" time="1.474"/>
  <system-out/>
</testsuite> <!-- com.crudOperationsWithoutBDD.createbdd -->
