<?xml version="1.0" encoding="UTF-8"?>
<!-- Generated by org.testng.reporters.JUnitReportReporter -->
<testsuite hostname="TYSS-Adarsh" failures="0" tests="1" name="Authentication.OAuthAuthentication" time="3.675" errors="0" timestamp="2022-01-13T12:11:14 IST" skipped="0">
  <testcase classname="Authentication.OAuthAuthentication" name="auth2" time="3.675"/>
  <system-out/>
</testsuite> <!-- Authentication.OAuthAuthentication -->
