<?xml version="1.0" encoding="UTF-8"?>
<!-- Generated by org.testng.reporters.JUnitReportReporter -->
<testsuite hostname="TYSS-Adarsh" failures="0" tests="1" name="Authentication.BarierToken" time="7.248" errors="0" timestamp="2022-01-13T11:50:09 IST" skipped="0">
  <testcase classname="Authentication.BarierToken" name="tokens" time="7.248"/>
  <system-out/>
</testsuite> <!-- Authentication.BarierToken -->
