<?xml version="1.0" encoding="UTF-8"?>
<!-- Generated by org.testng.reporters.JUnitReportReporter -->
<testsuite hostname="TYSS-Adarsh" failures="0" tests="1" name="com.crudOperationsWithoutBDD.Lenskart" time="18.079" errors="0" timestamp="2021-11-26T16:56:23 IST" skipped="0">
  <testcase classname="com.crudOperationsWithoutBDD.Lenskart" name="fetchSuggestions" time="18.079"/>
  <system-out/>
</testsuite> <!-- com.crudOperationsWithoutBDD.Lenskart -->
