<?xml version="1.0" encoding="UTF-8"?>
<!-- Generated by org.testng.reporters.JUnitReportReporter -->
<testsuite hostname="TYSS-Adarsh" failures="0" tests="2" name="Authentication.Authesntication" time="2.834" errors="0" timestamp="2022-01-17T13:29:32 IST" skipped="0">
  <testcase classname="Authentication.Authesntication" name="preemptiveAuth" time="0.184"/>
  <system-out/>
  <testcase classname="Authentication.Authesntication" name="digestiveAuth" time="2.650"/>
  <system-out/>
</testsuite> <!-- Authentication.Authesntication -->
