<?xml version="1.0" encoding="UTF-8"?>
<!-- Generated by org.testng.reporters.JUnitReportReporter -->
<testsuite hostname="TYSS-Adarsh" failures="0" tests="1" name="com.crudOperationsWithoutBDD.GetAllTheResource" time="1.284" errors="0" timestamp="2021-10-26T18:16:23 IST" skipped="0">
  <testcase classname="com.crudOperationsWithoutBDD.GetAllTheResource" name="getAllData" time="1.284"/>
  <system-out/>
</testsuite> <!-- com.crudOperationsWithoutBDD.GetAllTheResource -->
