<?xml version="1.0" encoding="UTF-8"?>
<!-- Generated by org.testng.reporters.JUnitReportReporter -->
<testsuite hostname="TYSS-Adarsh" failures="0" tests="1" name="com.crudOperationsWithoutBDD.OOpsss" time="0.548" errors="0" timestamp="2021-11-22T01:13:44 IST" skipped="0">
  <testcase classname="com.crudOperationsWithoutBDD.OOpsss" name="hh" time="0.548"/>
  <system-out/>
</testsuite> <!-- com.crudOperationsWithoutBDD.OOpsss -->
