<?xml version="1.0" encoding="UTF-8"?>
<!-- Generated by org.testng.reporters.JUnitReportReporter -->
<testsuite hostname="TYSS-Adarsh" failures="0" tests="1" name="Authentication.BasicAuth" time="2.212" errors="0" timestamp="2022-01-13T11:45:35 IST" skipped="0">
  <testcase classname="Authentication.BasicAuth" name="basic" time="2.212"/>
  <system-out/>
</testsuite> <!-- Authentication.BasicAuth -->
