<?xml version="1.0" encoding="UTF-8"?>
<!-- Generated by org.testng.reporters.JUnitReportReporter -->
<testsuite hostname="TYSS-Adarsh" failures="0" tests="1" name="com.crudOperationsWithoutBDD.Sample" time="11.147" errors="0" timestamp="2021-11-25T23:18:51 IST" skipped="0">
  <testcase classname="com.crudOperationsWithoutBDD.Sample" name="tester" time="11.147"/>
  <system-out/>
</testsuite> <!-- com.crudOperationsWithoutBDD.Sample -->
