<?xml version="1.0" encoding="UTF-8"?>
<!-- Generated by org.testng.reporters.JUnitReportReporter -->
<testsuite hostname="TYSS-Adarsh" failures="0" tests="1" name="TestScript.Hamcrests" time="2.696" errors="0" timestamp="2022-01-17T12:53:27 IST" skipped="0">
  <testcase classname="TestScript.Hamcrests" name="testing" time="2.696"/>
  <system-out/>
</testsuite> <!-- TestScript.Hamcrests -->
