<?xml version="1.0" encoding="UTF-8"?>
<!-- Generated by org.testng.reporters.JUnitReportReporter -->
<testsuite hostname="TYSS-Adarsh" failures="0" tests="1" name="com.crudOperationsWithoutBDD.DemoTest" time="0.013" errors="0" timestamp="2021-11-22T00:16:01 IST" skipped="0">
  <testcase classname="com.crudOperationsWithoutBDD.DemoTest" name="mainss" time="0.013"/>
  <system-out/>
</testsuite> <!-- com.crudOperationsWithoutBDD.DemoTest -->
